[debug] [2024-03-25T02:01:49.837Z] ----------------------------------------------------------------------
[debug] [2024-03-25T02:01:49.841Z] Command:       C:\Program Files\nodejs\node.exe C:\Users\Matteo\AppData\Roaming\npm\node_modules\firebase-tools\lib\bin\firebase.js init hosting:github
[debug] [2024-03-25T02:01:49.842Z] CLI Version:   13.5.2
[debug] [2024-03-25T02:01:49.842Z] Platform:      win32
[debug] [2024-03-25T02:01:49.842Z] Node Version:  v20.11.1
[debug] [2024-03-25T02:01:49.842Z] Time:          Mon Mar 25 2024 03:01:49 GMT+0100 (Ora standard dell’Europa centrale)
[debug] [2024-03-25T02:01:49.842Z] ----------------------------------------------------------------------
[debug] 
[debug] [2024-03-25T02:01:49.940Z] > command requires scopes: ["email","openid","https://www.googleapis.com/auth/cloudplatformprojects.readonly","https://www.googleapis.com/auth/firebase","https://www.googleapis.com/auth/cloud-platform"]
[debug] [2024-03-25T02:01:49.940Z] > authorizing via signed-in user (babalift.com@gmail.com)
[info] 
     ######## #### ########  ######## ########     ###     ######  ########
     ##        ##  ##     ## ##       ##     ##  ##   ##  ##       ##
     ######    ##  ########  ######   ########  #########  ######  ######
     ##        ##  ##    ##  ##       ##     ## ##     ##       ## ##
     ##       #### ##     ## ######## ########  ##     ##  ######  ########

You're about to initialize a Firebase project in this directory:

  D:\js\zerost

Before we get started, keep in mind:

  * You are initializing within an existing Firebase project directory

[info] 
=== Project Setup
[info] 
[info] First, let's associate this project directory with a Firebase project.
[info] You can create multiple project aliases by running firebase use --add, 
[info] but for now we'll just set up a default project.
[info] 
[debug] [2024-03-25T02:05:03.131Z] Using project from CLI flag: babalift-417115
[debug] [2024-03-25T02:05:03.138Z] >>> [apiv2][query] GET https://firebase.googleapis.com/v1beta1/projects/babalift-417115 [none]
[debug] [2024-03-25T02:05:03.742Z] <<< [apiv2][status] GET https://firebase.googleapis.com/v1beta1/projects/babalift-417115 200
[debug] [2024-03-25T02:05:03.743Z] <<< [apiv2][body] GET https://firebase.googleapis.com/v1beta1/projects/babalift-417115 {"projectId":"babalift-417115","projectNumber":"10551868809","displayName":"BaBaLift","name":"projects/babalift-417115","resources":{"hostingSite":"babalift-417115","realtimeDatabaseInstance":"babalift-417115-default-rtdb"},"state":"ACTIVE","etag":"1_85e8a004-b1a3-471c-a160-a3087f80ca30"}
[info] i  Using project babalift-417115 (BaBaLift) 
[info] 
=== Hosting:github Setup
[info] 
[info] i  Didn't detect a .git folder. Assuming D:\js\zerost is the project root. 
[info] i  Authorizing with GitHub to upload your service account to a GitHub repository's secrets store. 
[info] 
[info] Visit this URL on this device to log in:
[info] https://github.com/login/oauth/authorize?client_id=89cf50f02ac6aaed3484&state=26926933&redirect_uri=http%3A%2F%2Flocalhost%3A9005&scope=read%3Auser%20repo%20public_repo
[info] 
[info] Waiting for authentication...
[debug] [2024-03-25T02:05:04.623Z] >>> [apiv2][query] POST https://github.com/login/oauth/access_token [none]
[debug] [2024-03-25T02:05:04.624Z] >>> [apiv2][body] POST https://github.com/login/oauth/access_token [stream]
[debug] [2024-03-25T02:05:05.332Z] <<< [apiv2][status] POST https://github.com/login/oauth/access_token 200
[debug] [2024-03-25T02:05:05.333Z] <<< [apiv2][body] POST https://github.com/login/oauth/access_token {"access_token":"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","token_type":"bearer","scope":"read:user,repo"}
[debug] [2024-03-25T02:05:05.342Z] >>> [apiv2][query] GET https://api.github.com/user [none]
[debug] [2024-03-25T02:05:06.064Z] <<< [apiv2][status] GET https://api.github.com/user 200
[debug] [2024-03-25T02:05:06.065Z] <<< [apiv2][body] GET https://api.github.com/user {"login":"babalift","id":163297924,"node_id":"U_kgDOCbu6hA","avatar_url":"https://avatars.githubusercontent.com/u/163297924?v=4","gravatar_id":"","url":"https://api.github.com/users/babalift","html_url":"https://github.com/babalift","followers_url":"https://api.github.com/users/babalift/followers","following_url":"https://api.github.com/users/babalift/following{/other_user}","gists_url":"https://api.github.com/users/babalift/gists{/gist_id}","starred_url":"https://api.github.com/users/babalift/starred{/owner}{/repo}","subscriptions_url":"https://api.github.com/users/babalift/subscriptions","organizations_url":"https://api.github.com/users/babalift/orgs","repos_url":"https://api.github.com/users/babalift/repos","events_url":"https://api.github.com/users/babalift/events{/privacy}","received_events_url":"https://api.github.com/users/babalift/received_events","type":"User","site_admin":false,"name":"BaBa Lift","company":"BaBaLift","blog":"","location":"Dar Es Salaam","email":null,"hireable":null,"bio":"your help is welcome :)\r\nProject PWA (js, react, css, html) giving free rides to people in Afrika with special bicycles home made with recycling material\r\n","twitter_username":null,"public_repos":1,"public_gists":0,"followers":0,"following":0,"created_at":"2024-03-13T11:22:15Z","updated_at":"2024-03-16T17:32:32Z","private_gists":0,"total_private_repos":1,"owned_private_repos":1,"disk_usage":86,"collaborators":0,"two_factor_authentication":false,"plan":{"name":"free","space":976562499,"collaborators":0,"private_repos":10000}}
[info] 
[info] +  Success! Logged into GitHub as babalift 
[info] 
